<?xml version="1.0" encoding="UTF-8"?>
<!-- Generated by org.testng.reporters.JUnitReportReporter -->
<testsuite hostname="DESKTOP-70ONR7I" failures="0" tests="1" name="Testpkg.CakeNut_login_Test" time="0.100" errors="0" timestamp="2025-05-11T23:11:23 IST" skipped="0">
  <testcase classname="Testpkg.CakeNut_login_Test" name="datadrivenLoginTest" time="0.100"/>
</testsuite> <!-- Testpkg.CakeNut_login_Test -->
