<?xml version="1.0" encoding="UTF-8"?>
<!-- Generated by org.testng.reporters.JUnitReportReporter -->
<testsuite hostname="DESKTOP-70ONR7I" failures="0" tests="1" name="Maven.Title" time="0.092" errors="0" timestamp="2025-05-11T17:06:38 IST" skipped="0">
  <testcase classname="Maven.Title" name="display" time="0.092"/>
</testsuite> <!-- Maven.Title -->
