<?xml version="1.0" encoding="UTF-8"?>
<!-- Generated by org.testng.reporters.JUnitReportReporter -->
<testsuite hostname="DESKTOP-70ONR7I" failures="0" tests="1" name="Testpkg.Title" time="0.045" errors="0" timestamp="2025-05-11T20:12:03 IST" skipped="0">
  <testcase classname="Testpkg.Title" name="display" time="0.045"/>
</testsuite> <!-- Testpkg.Title -->
