<?xml version="1.0" encoding="UTF-8"?>
<!-- Generated by org.testng.reporters.JUnitReportReporter -->
<testsuite hostname="DESKTOP-70ONR7I" failures="0" tests="1" name="Testpkg.Scretest" time="2.042" errors="0" timestamp="2025-05-11T20:59:23 IST" skipped="0">
  <testcase classname="Testpkg.Scretest" name="testpgm" time="2.042"/>
</testsuite> <!-- Testpkg.Scretest -->
